-------------------------------------------------------------------------------
Test set: com.webdev.dao.CustomerDaoTest
-------------------------------------------------------------------------------
Tests run: 6, Failures: 1, Errors: 3, Skipped: 0, Time elapsed: 2.208 s <<< FAILURE! - in com.webdev.dao.CustomerDaoTest
shouldDelete  Time elapsed: 0.009 s  <<< ERROR!
javax.persistence.PersistenceException: org.hibernate.PersistentObjectException: detached entity passed to persist: com.webdev.model.Customer
	at com.webdev.dao.CustomerDaoTest.shouldDelete(CustomerDaoTest.java:72)
Caused by: org.hibernate.PersistentObjectException: detached entity passed to persist: com.webdev.model.Customer
	at com.webdev.dao.CustomerDaoTest.shouldDelete(CustomerDaoTest.java:72)

shouldNotAddEmp  Time elapsed: 0.003 s  <<< FAILURE!
java.lang.AssertionError: unexpected exception type thrown; expected:<org.hibernate.PropertyValueException> but was:<javax.persistence.PersistenceException>
	at com.webdev.dao.CustomerDaoTest.shouldNotAddEmp(CustomerDaoTest.java:61)
Caused by: javax.persistence.PersistenceException: org.hibernate.PropertyValueException: not-null property references a null or transient value : com.webdev.model.Customer.email
	at com.webdev.dao.CustomerDaoTest.lambda$shouldNotAddEmp$1(CustomerDaoTest.java:61)
	at com.webdev.dao.CustomerDaoTest.shouldNotAddEmp(CustomerDaoTest.java:61)
Caused by: org.hibernate.PropertyValueException: not-null property references a null or transient value : com.webdev.model.Customer.email
	at com.webdev.dao.CustomerDaoTest.lambda$shouldNotAddEmp$1(CustomerDaoTest.java:61)
	at com.webdev.dao.CustomerDaoTest.shouldNotAddEmp(CustomerDaoTest.java:61)

shouldGetListOfCustomers  Time elapsed: 0.002 s  <<< ERROR!
javax.persistence.PersistenceException: org.hibernate.PersistentObjectException: detached entity passed to persist: com.webdev.model.Customer
	at com.webdev.dao.CustomerDaoTest.shouldGetListOfCustomers(CustomerDaoTest.java:97)
Caused by: org.hibernate.PersistentObjectException: detached entity passed to persist: com.webdev.model.Customer
	at com.webdev.dao.CustomerDaoTest.shouldGetListOfCustomers(CustomerDaoTest.java:97)

shouldGetCustomerById  Time elapsed: 0.001 s  <<< ERROR!
javax.persistence.PersistenceException: org.hibernate.PersistentObjectException: detached entity passed to persist: com.webdev.model.Customer
	at com.webdev.dao.CustomerDaoTest.shouldGetCustomerById(CustomerDaoTest.java:85)
Caused by: org.hibernate.PersistentObjectException: detached entity passed to persist: com.webdev.model.Customer
	at com.webdev.dao.CustomerDaoTest.shouldGetCustomerById(CustomerDaoTest.java:85)

