<?xml version="1.0" encoding="UTF-8"?>
<testsuite xmlns:xsi="http://www.w3.org/2001/XMLSchema-instance" xsi:noNamespaceSchemaLocation="https://maven.apache.org/surefire/maven-surefire-plugin/xsd/surefire-test-report.xsd" name="com.webdev.dao.CustomerDaoTest" time="2.125" tests="5" errors="0" skipped="0" failures="0">
  <properties>
[...]
</properties>
  <testcase name="testAdd" classname="com.webdev.dao.CustomerDaoTest" time="0.074"/>
  <testcase name="testGet" classname="com.webdev.dao.CustomerDaoTest" time="0.001"/>
  <testcase name="testDelete" classname="com.webdev.dao.CustomerDaoTest" time="0.005"/>
  <testcase name="testGetAll" classname="com.webdev.dao.CustomerDaoTest" time="0.005"/>
  <testcase name="testUpdate" classname="com.webdev.dao.CustomerDaoTest" time="0.004"/>
</testsuite>